time="16-05-2019 08:49:09" level=info msg="Starting server on port 8000"
time="16-05-2019 08:49:11" level=info msg="Thu May 16 08:49:11 CEST 2019 --> POST /api/workers/new_scraped_many "
time="16-05-2019 08:49:11" level=info msg="inserting 83 news from elmundo"
time="16-05-2019 08:49:11" level=info msg="Thu May 16 08:49:11 CEST 2019 --> POST /api/workers/scraping_index "
time="16-05-2019 08:49:11" level=info msg="Thu May 16 08:49:11 CEST 2019 --> GET /api/workers/scraping_index scraper_id=scraperTestba336a"
time="16-05-2019 08:49:23" level=info msg="Thu May 16 08:49:23 CEST 2019 --> POST /api/workers/new_scraped_many "
time="16-05-2019 08:49:23" level=info msg="inserting 83 news from elmundo"
time="16-05-2019 08:49:23" level=info msg="Thu May 16 08:49:23 CEST 2019 --> POST /api/workers/scraping_index "
time="16-05-2019 08:49:23" level=info msg="Thu May 16 08:49:23 CEST 2019 --> GET /api/workers/scraping_index scraper_id=scraperTestba336a"
time="16-05-2019 08:49:33" level=info msg="Thu May 16 08:49:33 CEST 2019 --> POST /api/workers/new_scraped_many "
time="16-05-2019 08:49:33" level=info msg="inserting 84 news from elmundo"
time="16-05-2019 08:49:33" level=info msg="Thu May 16 08:49:33 CEST 2019 --> POST /api/workers/scraping_index "
time="16-05-2019 08:49:33" level=info msg="Thu May 16 08:49:33 CEST 2019 --> GET /api/workers/scraping_index scraper_id=scraperTestba336a"
time="16-05-2019 08:49:44" level=info msg="Thu May 16 08:49:44 CEST 2019 --> POST /api/workers/new_scraped_many "
time="16-05-2019 08:49:44" level=info msg="inserting 83 news from elmundo"
time="16-05-2019 08:49:44" level=info msg="Thu May 16 08:49:44 CEST 2019 --> POST /api/workers/scraping_index "
time="16-05-2019 08:49:44" level=info msg="Thu May 16 08:49:44 CEST 2019 --> GET /api/workers/scraping_index scraper_id=scraperTestba336a"
evel=info msg="Thu May 16 08:48:58 CEST 2019 --> GET /api/workers/scraping_index scraper_id=scraperTestba336a"
hu May 16 08:38:45 CEST 2019 --> POST /api/workers/new_scraped_many "
time="16-05-2019 08:38:45" level=info msg="inserting 80"
time="16-05-2019 08:38:45" level=info msg="Thu May 16 08:38:45 CEST 2019 --> POST /api/workers/scraping_index "
time="16-05-2019 08:38:45" level=info msg="Thu May 16 08:38:45 CEST 2019 --> GET /api/workers/scraping_index scraper_id=scraperTestba336a"
time="16-05-2019 08:38:55" level=info msg="Thu May 16 08:38:55 CEST 2019 --> POST /api/workers/new_scraped_many "
time="16-05-2019 08:38:55" level=info msg="inserting 79"
time="16-05-2019 08:38:55" level=info msg="Thu May 16 08:38:55 CEST 2019 --> POST /api/workers/scraping_index "
time="16-05-2019 08:38:55" level=info msg="Thu May 16 08:38:55 CEST 2019 --> GET /api/workers/scraping_index scraper_id=scraperTestba336a"
time="16-05-2019 08:39:04" level=info msg="Thu May 16 08:39:04 CEST 2019 --> POST /api/workers/new_scraped_many "
time="16-05-2019 08:39:04" level=info msg="inserting 79"
time="16-05-2019 08:39:04" level=info msg="Thu May 16 08:39:04 CEST 2019 --> POST /api/workers/scraping_index "
time="16-05-2019 08:39:04" level=info msg="Thu May 16 08:39:04 CEST 2019 --> GET /api/workers/scraping_index scraper_id=scraperTestba336a"
time="16-05-2019 08:39:13" level=info msg="Thu May 16 08:39:13 CEST 2019 --> POST /api/workers/new_scraped_many "
time="16-05-2019 08:39:13" level=info msg="inserting 79"
time="16-05-2019 08:39:13" level=info msg="Thu May 16 08:39:13 CEST 2019 --> POST /api/workers/scraping_index "
time="16-05-2019 08:39:13" level=info msg="Thu May 16 08:39:13 CEST 2019 --> GET /api/workers/scraping_index scraper_id=scraperTestba336a"
time="16-05-2019 08:39:23" level=info msg="Thu May 16 08:39:23 CEST 2019 --> POST /api/workers/new_scraped_many "
time="16-05-2019 08:39:23" level=info msg="inserting 81"
time="16-05-2019 08:39:23" level=info msg="Thu May 16 08:39:23 CEST 2019 --> POST /api/workers/scraping_index "
time="16-05-2019 08:39:23" level=info msg="Thu May 16 08:39:23 CEST 2019 --> GET /api/workers/scraping_index scraper_id=scraperTestba336a"
time="16-05-2019 08:39:31" level=info msg="Thu May 16 08:39:31 CEST 2019 --> POST /api/workers/new_scraped_many "
time="16-05-2019 08:39:31" level=info msg="inserting 79"
time="16-05-2019 08:39:31" level=info msg="Thu May 16 08:39:31 CEST 2019 --> POST /api/workers/scraping_index "
time="16-05-2019 08:39:32" level=info msg="Thu May 16 08:39:32 CEST 2019 --> GET /api/workers/scraping_index scraper_id=scraperTestba336a"
time="16-05-2019 08:39:41" level=info msg="Thu May 16 08:39:41 CEST 2019 --> POST /api/workers/new_scraped_many "
time="16-05-2019 08:39:41" level=info msg="inserting 80"
time="16-05-2019 08:39:41" level=info msg="Thu May 16 08:39:41 CEST 2019 --> POST /api/workers/scraping_index "
time="16-05-2019 08:39:41" level=info msg="Thu May 16 08:39:41 CEST 2019 --> GET /api/workers/scraping_index scraper_id=scraperTestba336a"
time="16-05-2019 08:39:52" level=info msg="Thu May 16 08:39:52 CEST 2019 --> POST /api/workers/new_scraped_many "
time="16-05-2019 08:39:52" level=info msg="inserting 79"
time="16-05-2019 08:39:52" level=info msg="Thu May 16 08:39:52 CEST 2019 --> POST /api/workers/scraping_index "
time="16-05-2019 08:39:52" level=info msg="Thu May 16 08:39:52 CEST 2019 --> GET /api/workers/scraping_index scraper_id=scraperTestba336a"
time="16-05-2019 08:40:04" level=info msg="Thu May 16 08:40:04 CEST 2019 --> POST /api/workers/new_scraped_many "
time="16-05-2019 08:40:04" level=info msg="inserting 79"
time="16-05-2019 08:40:04" level=info msg="Thu May 16 08:40:04 CEST 2019 --> POST /api/workers/scraping_index "
time="16-05-2019 08:40:04" level=info msg="Thu May 16 08:40:04 CEST 2019 --> GET /api/workers/scraping_index scraper_id=scraperTestba336a"
time="16-05-2019 08:40:13" level=info msg="Thu May 16 08:40:13 CEST 2019 --> POST /api/workers/new_scraped_many "
time="16-05-2019 08:40:13" level=info msg="inserting 81"
time="16-05-2019 08:40:13" level=info msg="Thu May 16 08:40:13 CEST 2019 --> POST /api/workers/scraping_index "
time="16-05-2019 08:40:13" level=info msg="Thu May 16 08:40:13 CEST 2019 --> GET /api/workers/scraping_index scraper_id=scraperTestba336a"
time="16-05-2019 08:40:25" level=info msg="Thu May 16 08:40:25 CEST 2019 --> POST /api/workers/new_scraped_many "
time="16-05-2019 08:40:25" level=info msg="inserting 80"
time="16-05-2019 08:40:25" level=info msg="Thu May 16 08:40:25 CEST 2019 --> POST /api/workers/scraping_index "
time="16-05-2019 08:40:25" level=info msg="Thu May 16 08:40:25 CEST 2019 --> GET /api/workers/scraping_index scraper_id=scraperTestba336a"
time="16-05-2019 08:40:35" level=info msg="Thu May 16 08:40:35 CEST 2019 --> POST /api/workers/new_scraped_many "
time="16-05-2019 08:40:35" level=info msg="inserting 79"
time="16-05-2019 08:40:35" level=info msg="Thu May 16 08:40:35 CEST 2019 --> POST /api/workers/scraping_index "
time="16-05-2019 08:40:35" level=info msg="Thu May 16 08:40:35 CEST 2019 --> GET /api/workers/scraping_index scraper_id=scraperTestba336a"
